 
 
        Input node list
 
  Node      x           y
 
   1     0.00000     0.00000
   2     1.00000     0.00000
   3     0.00000     4.00000
   4     1.00000     4.00000
   5     0.00000     4.50000
   6     3.00000     4.50000
   7     3.00000     4.00000
 
 
         Input element list
 
  No   Nodes  Source  Element node numbers
 
   1     3   1.00000   1  2  3
   2     3   1.00000   2  4  3
   3     3   0.00000   3  4  5
   4     3   0.00000   4  7  6
   5     3   0.00000   4  6  5
 
 
    Input fixed potentials
 
      Node            Value
 
        6            0.00000
        7            0.00000
 
 
 
            Final solution
 
   i        x         y       Potential
 
   1     0.00000   0.00000     19.81920
   2     1.00000   0.00000     19.92870
   3     0.00000   4.00000     12.73380
   4     1.00000   4.00000     11.01405
   5     0.00000   4.50000     14.38423
   6     3.00000   4.50000      0.00000
   7     3.00000   4.00000      0.00000
