 
 
        Input node list
 
  Node      x           y
 
   1     0.00000     0.00000
   2     1.00000     0.00000
   3     0.00000     4.00000
   4     1.00000     4.00000
   5     0.00000     4.50000
   6     0.50000     0.00000
   7     0.00000     2.00000
   8     0.50000     2.00000
   9     1.00000     2.00000
  10     0.50000     4.00000
  11     2.00000     4.00000
  12     0.00000     4.25000
  13     0.50000     4.25000
  14     2.00000     4.25000
  15     1.50000     4.50000
  16     3.00000     4.50000
  17     3.00000     4.00000
  18     3.00000     4.25000
 
 
         Input element list
 
  No   Nodes  Source  Element node numbers
 
   1     6   1.00000   1  6  7  2  8  3
   2     6   1.00000   2  9  8  4 10  3
   3     6   0.00000   3 10 12  4 13  5
   4     6   0.00000   4 11 14 17 18 16
   5     6   0.00000   4 14 13 16 15  5
 
 
    Input fixed potentials
 
      Node            Value
 
       16            0.00000
       17            0.00000
       18            0.00000
 
 
 
            Final solution
 
   i        x         y       Potential
 
   1     0.00000   0.00000     24.81820
   2     1.00000   0.00000     24.86401
   3     0.00000   4.00000     17.52131
   4     1.00000   4.00000     15.70990
   5     0.00000   4.50000     17.41395
   6     0.50000   0.00000     24.83955
   7     0.00000   2.00000     22.83557
   8     0.50000   2.00000     22.81468
   9     1.00000   2.00000     22.78364
  10     0.50000   4.00000     16.95232
  11     2.00000   4.00000      8.58029
  12     0.00000   4.25000     17.31953
  13     0.50000   4.25000     16.72712
  14     2.00000   4.25000      8.62563
  15     1.50000   4.50000     11.95833
  16     3.00000   4.50000      0.00000
  17     3.00000   4.00000      0.00000
  18     3.00000   4.25000      0.00000
