 
 
        Input node list
 
  Node      x           y
 
   1     0.00000     0.00000
   2     1.00000     0.00000
   3     0.00000     4.00000
   4     1.00000     4.00000
   5     0.00000     4.50000
   6     0.50000     0.00000
   7     0.00000     2.00000
   8     0.50000     2.00000
   9     1.00000     2.00000
  10     0.50000     4.00000
  11     2.00000     4.00000
  12     0.00000     4.25000
  13     0.50000     4.25000
  14     2.00000     4.25000
  15     1.50000     4.50000
  16     3.00000     4.50000
  17     3.00000     4.00000
  18     3.00000     4.25000
 
 
         Input element list
 
  No   Nodes  Source  Element node numbers
 
   1     3   1.00000   8  3  7
   2     3   1.00000   6  8  7
   3     3   1.00000   2  8  6
   4     3   1.00000   1  6  7
   5     3   1.00000  10  3  8
   6     3   1.00000   4 10  8
   7     3   1.00000   9  4  8
   8     3   1.00000   2  9  8
   9     3   0.00000  13  5 12
  10     3   0.00000  10 13 12
  11     3   0.00000  10  4 13
  12     3   0.00000   3 10 12
  13     3   0.00000  18 16 14
  14     3   0.00000  17 18 14
  15     3   0.00000  11 17 14
  16     3   0.00000   4 11 14
  17     3   0.00000  15  5 13
  18     3   0.00000  14 15 13
  19     3   0.00000  14 16 15
  20     3   0.00000   4 14 13
 
 
    Input fixed potentials
 
      Node            Value
 
       16            0.00000
       17            0.00000
       18            0.00000
 
 
 
            Final solution
 
   i        x         y       Potential
 
   1     0.00000   0.00000     22.71156
   2     1.00000   0.00000     22.78445
   3     0.00000   4.00000     15.51452
   4     1.00000   4.00000     13.57426
   5     0.00000   4.50000     16.46550
   6     0.50000   0.00000     22.74880
   7     0.00000   2.00000     20.78225
   8     0.50000   2.00000     20.76157
   9     1.00000   2.00000     20.68811
  10     0.50000   4.00000     14.95238
  11     2.00000   4.00000      7.21291
  12     0.00000   4.25000     15.78752
  13     0.50000   4.25000     14.97755
  14     2.00000   4.25000      7.23952
  15     1.50000   4.50000     10.20172
  16     3.00000   4.50000      0.00000
  17     3.00000   4.00000      0.00000
  18     3.00000   4.25000      0.00000
