   1    0.000000    0.912118    0.918196   -0.661989
   2    0.020000    0.914447    0.918288   -0.418322
   3    0.040000    0.916776    0.918564   -0.194654
   4    0.060000    0.919104    0.919023    0.008879
   5    0.080000    0.921433    0.919666    0.192178
   6    0.100000    0.923762    0.920493    0.355157
   7    0.120000    0.926091    0.921504    0.497766
   8    0.140000    0.928420    0.922699    0.619968
   9    0.160000    0.930748    0.924079    0.721729
  10    0.180000    0.933077    0.925644    0.803060
  11    0.200000    0.935406    0.927394    0.863971
  12    0.220000    0.937735    0.929329    0.904515
  13    0.240000    0.940064    0.931450    0.924744
  14    0.260000    0.942392    0.933758    0.924737
  15    0.280000    0.944721    0.936252    0.904607
  16    0.300000    0.947050    0.938933    0.864462
  17    0.320000    0.949379    0.941803    0.804439
  18    0.340000    0.951708    0.944860    0.724698
  19    0.360000    0.954036    0.948107    0.625414
  20    0.380000    0.956365    0.951543    0.506776
  21    0.400000    0.958694    0.955170    0.368984
  22    0.420000    0.961023    0.958987    0.212261
  23    0.440000    0.963352    0.962997    0.036865
  24    0.460000    0.965680    0.967199   -0.156968
  25    0.480000    0.968009    0.971594   -0.368961
  26    0.500000    0.970338    0.976184   -0.598841
  27    0.520000    0.977622    0.980969   -0.341203
  28    0.540000    0.984905    0.985950   -0.105940
  29    0.560000    0.992189    0.991128    0.107034
  30    0.580000    0.999473    0.996505    0.297830
  31    0.600000    1.006757    1.002081    0.466604
  32    0.620000    1.014040    1.007857    0.613482
  33    0.640000    1.021324    1.013835    0.738665
  34    0.660000    1.028608    1.020016    0.842329
  35    0.680000    1.035891    1.026401    0.924684
  36    0.700000    1.043175    1.032991    0.985938
  37    0.720000    1.050459    1.039787    1.026338
  38    0.740000    1.057743    1.046792    1.046153
  39    0.760000    1.065026    1.054006    1.045609
  40    0.780000    1.072310    1.061430    1.025009
  41    0.800000    1.079594    1.069067    0.984636
  42    0.820000    1.086878    1.076918    0.924811
  43    0.840000    1.094161    1.084984    0.845816
  44    0.860000    1.101445    1.093268    0.747978
  45    0.880000    1.108729    1.101769    0.631638
  46    0.900000    1.116012    1.110492    0.497151
  47    0.920000    1.123296    1.119436    0.344838
  48    0.940000    1.130580    1.128604    0.175053
  49    0.960000    1.137863    1.137998   -0.011827
  50    0.980000    1.145147    1.147620   -0.215427
  51    1.000000    1.152431    1.157471   -0.435406
  52    1.020000    1.165599    1.167553   -0.167345
  53    1.040000    1.178768    1.177869    0.076290
  54    1.060000    1.191936    1.188421    0.295801
  55    1.080000    1.205105    1.199210    0.491535
  56    1.100000    1.218273    1.210239    0.663825
  57    1.120000    1.231442    1.221511    0.813017
  58    1.140000    1.244610    1.233026    0.939461
  59    1.160000    1.257779    1.244788    1.043560
  60    1.180000    1.270947    1.256799    1.125678
  61    1.200000    1.284116    1.269062    1.186192
  62    1.220000    1.297284    1.281578    1.225497
  63    1.240000    1.310453    1.294351    1.243990
  64    1.260000    1.323621    1.307382    1.242067
  65    1.280000    1.336790    1.320675    1.220133
  66    1.300000    1.349958    1.334232    1.178608
  67    1.320000    1.363126    1.348057    1.117894
  68    1.340000    1.376295    1.362150    1.038415
  69    1.360000    1.389463    1.376516    0.940577
  70    1.380000    1.402632    1.391157    0.824799
  71    1.400000    1.415800    1.406077    0.691512
  72    1.420000    1.428969    1.421278    0.541118
  73    1.440000    1.442137    1.436763    0.374057
  74    1.460000    1.455306    1.452535    0.190722
  75    1.480000    1.468474    1.468598   -0.008450
  76    1.500000    1.481643    1.484955   -0.223053
  77    1.520000    1.502377    1.501608    0.051173
  78    1.540000    1.523111    1.518562    0.299538
  79    1.560000    1.543845    1.535820    0.522541
  80    1.580000    1.564580    1.553385    0.720673
  81    1.600000    1.585314    1.571260    0.894415
  82    1.620000    1.606048    1.589450    1.044267
  83    1.640000    1.626783    1.607958    1.170721
  84    1.660000    1.647517    1.626787    1.274277
  85    1.680000    1.668251    1.645942    1.355413
  86    1.700000    1.688986    1.665426    1.414642
  87    1.720000    1.709720    1.685243    1.452446
  88    1.740000    1.730454    1.705397    1.469309
  89    1.760000    1.751188    1.725892    1.465717
  90    1.780000    1.771923    1.746732    1.442169
  91    1.800000    1.792657    1.767921    1.399133
  92    1.820000    1.813391    1.789465    1.337082
  93    1.840000    1.834126    1.811366    1.256499
  94    1.860000    1.854860    1.833629    1.157858
  95    1.880000    1.875594    1.856259    1.041613
  96    1.900000    1.896328    1.879261    0.908218
  97    1.920000    1.917063    1.902638    0.758154
  98    1.940000    1.937797    1.926396    0.591858
  99    1.960000    1.958532    1.950539    0.409777
 100    1.980000    1.979266    1.975072    0.212342
 101    2.000000    2.000000    2.000000    0.000000
