 
 
        Input node list
 
  Node      x           y
 
   1    -3.00000     1.50000
   2    -3.00000     1.00000
   3    -1.85195     0.77164
   4    -0.87868     0.12132
   5     0.56066     1.06066
   6    -0.22836    -0.85195
   7     0.00000    -2.00000
   8     1.00000    -2.00000
   9    -3.00000    -0.50000
  10    -2.37500    -0.62500
  11    -1.75000    -0.75000
  12    -1.31434    -0.31434
  13    -3.00000     0.25000
  14    -1.50000    -2.00000
  15    -0.75000    -2.00000
  16    -2.25000    -2.00000
  17    -1.62500    -1.37500
  18    -3.00000    -1.25000
  19    -3.00000    -2.00000
  20     2.00000     2.00000
  21    -0.50000     2.00000
  22    -3.00000     2.00000
  23     2.00000    -2.00000
  24     2.00000     0.00000
 
 
         Input element list
 
  No   Nodes  Source  Element node numbers
 
   1     8   0.00000  23 24 20  5  4  6  7  8
   2     8   0.00000  20 21 22  1  2  3  4  5
   3     8   1.00000   9 10 11 12  4  3  2 13
   4     8   1.00000  14 15  7  6  4 12 11 17
   5     8   1.00000  14 17 11 10  9 18 19 16
 
 
    Input fixed potentials
 
      Node            Value
 
       20            0.00000
       21            0.00000
       22            0.00000
       23            0.00000
       24            0.00000
 
 
 
            Final solution
 
   i        x         y       Potential
 
   1    -3.00000   1.50000      0.88353
   2    -3.00000   1.00000      1.63721
   3    -1.85195   0.77164      1.85721
   4    -0.87868   0.12132      2.02877
   5     0.56066   1.06066      0.53549
   6    -0.22836  -0.85195      2.24176
   7     0.00000  -2.00000      2.19182
   8     1.00000  -2.00000      1.07988
   9    -3.00000  -0.50000      3.63865
  10    -2.37500  -0.62500      3.65562
  11    -1.75000  -0.75000      3.49879
  12    -1.31434  -0.31434      2.85850
  13    -3.00000   0.25000      2.82894
  14    -1.50000  -2.00000      3.77750
  15    -0.75000  -2.00000      3.13304
  16    -2.25000  -2.00000      4.14765
  17    -1.62500  -1.37500      3.74497
  18    -3.00000  -1.25000      4.11368
  19    -3.00000  -2.00000      4.26994
  20     2.00000   2.00000      0.00000
  21    -0.50000   2.00000      0.00000
  22    -3.00000   2.00000      0.00000
  23     2.00000  -2.00000      0.00000
  24     2.00000   0.00000      0.00000
