 
 
        Input node list
 
   n        x           y
 
   1     0.01000     0.02000
   2     0.01000     0.00000
   3     0.03000     0.00000
   4     0.00000     0.03000
   5     0.00000     0.00000
 
 
      Input element list
 
   i     j     k      Source   Material
 
   1     4     5     0.00000      1
   1     5     2     0.00000      1
   1     2     3     0.10000      0
 
 
    Input fixed potentials
 
      node            value
 
        4            0.00000
        5            0.00000
 
                Newton iteration
 
 newt    B max   dampg   stepnorm    potnorm     convgc
   1     0.000   0.500   7.34E-02   7.34E-02   1.00E+00
   2     3.668   0.957   1.08E-02   3.67E-02   2.94E-01
   3     2.638   0.969   6.62E-03   2.64E-02   2.51E-01
   4     1.997   0.985   3.45E-03   2.00E-02   1.73E-01
   5     1.657   0.998   1.16E-03   1.66E-02   6.99E-02
   6     1.541   1.000   1.99E-04   1.54E-02   1.29E-02
   7     1.521   1.000   2.08E-05   1.52E-02   1.37E-03
   8     1.519   1.000   2.68E-07   1.52E-02   1.76E-05
   9     1.519   1.000   5.56E-09   1.52E-02   3.65E-07
 
 
 
 
            Final solution
 
   i        x         y       potential
 
   1     0.01000   0.02000      0.01518
   2     0.01000   0.00000      0.01519
   3     0.03000   0.00000      0.01521
   4     0.00000   0.03000      0.00000
   5     0.00000   0.00000      0.00000
